<?xml version="1.0" encoding="UTF-8" ?>
<testsuite tests="1" failures="0" name="com.camunda.camundademo.ProcessUnitTest" time="0.738" errors="0" skipped="0">
  <properties>
    <property name="java.runtime.name" value="Java(TM) SE Runtime Environment"/>
    <property name="sun.boot.library.path" value="C:\Users\RA20159338\Documents\Java\jdk-8u261\jre\bin"/>
    <property name="java.vm.version" value="25.261-b12"/>
    <property name="java.vm.vendor" value="Oracle Corporation"/>
    <property name="maven.multiModuleProjectDirectory" value="C:\Users\RA20159338\Documents\Rajni\Camunda\camundademo"/>
    <property name="java.vendor.url" value="http://java.oracle.com/"/>
    <property name="path.separator" value=";"/>
    <property name="guice.disable.misplaced.annotation.check" value="true"/>
    <property name="java.vm.name" value="Java HotSpot(TM) 64-Bit Server VM"/>
    <property name="file.encoding.pkg" value="sun.io"/>
    <property name="user.script" value=""/>
    <property name="user.country" value="AU"/>
    <property name="sun.java.launcher" value="SUN_STANDARD"/>
    <property name="sun.os.patch.level" value=""/>
    <property name="java.vm.specification.name" value="Java Virtual Machine Specification"/>
    <property name="user.dir" value="C:\Users\RA20159338\Documents\Rajni\Camunda\camundademo"/>
    <property name="java.runtime.version" value="1.8.0_261-b12"/>
    <property name="java.awt.graphicsenv" value="sun.awt.Win32GraphicsEnvironment"/>
    <property name="java.endorsed.dirs" value="C:\Users\RA20159338\Documents\Java\jdk-8u261\jre\lib\endorsed"/>
    <property name="os.arch" value="amd64"/>
    <property name="java.io.tmpdir" value="C:\Users\RA2015~1\AppData\Local\Temp\"/>
    <property name="line.separator" value="
"/>
    <property name="java.vm.specification.vendor" value="Oracle Corporation"/>
    <property name="user.variant" value=""/>
    <property name="os.name" value="Windows 10"/>
    <property name="classworlds.conf" value="C:\Users\RA20159338\Documents\Rajni\Camunda\.metadata\.plugins\org.eclipse.m2e.launching\launches\m2conf4787995828383898699.tmp"/>
    <property name="sun.jnu.encoding" value="Cp1252"/>
    <property name="java.library.path" value="C:\Users\RA20159338\Documents\Java\jdk-8u261\bin;C:\windows\Sun\Java\bin;C:\windows\system32;C:\windows;C:\windows\system32;C:\windows;C:\windows\System32\Wbem;C:\windows\System32\WindowsPowerShell\v1.0\;C:\windows\System32\OpenSSH\;C:\Program Files (x86)\Webex\Webex\Applications;C:\Program Files\Microsoft VS Code\bin;C:\Program Files\Git\cmd;C:\Program Files\Amazon\AWSCLIV2\;C:\Users\RA20159338\Documents\Java\jdk-8u261\bin;C:\windows\system32;C:\windows;C:\windows\System32\Wbem;C:\windows\System32\WindowsPowerShell\v1.0\;C:\windows\System32\OpenSSH\;C:\Program Files (x86)\Webex\Webex\Applications;C:\Program Files\Microsoft VS Code\bin;C:\Users\RA20159338\AppData\Local\Microsoft\WindowsApps;C:\Users\RA20159338\AppData\Local\Programs\Git\cmd;C:\Users\RA20159338\Documents\Softwares\apache-ant-1.7.1\bin;C:\Users\RA20159338\Documents\Softwares\make-3.81-bin\bin;C:\Users\RA20159338\Documents\Softwares\make-3.81-dep\bin;C:\MinGW\bin;C:\Users\RA20159338\Documents\Softwares\apache-maven-3.6.3\bin;C:\Users\RA20159338\Documents\Softwares\apache-ant-1.7.1\lib;C:\Users\RA20159338\Documents\Softwares\groovy-3.0.4\bin;C:\Program Files\Oracle\VirtualBox;C:\Program Files\Docker Toolbox;C:\Users\RA20159338\Documents\Softwares\Nodejs\node-v15.4.0-win-x64;;."/>
    <property name="java.specification.name" value="Java Platform API Specification"/>
    <property name="java.class.version" value="52.0"/>
    <property name="sun.management.compiler" value="HotSpot 64-Bit Tiered Compilers"/>
    <property name="os.version" value="10.0"/>
    <property name="user.home" value="C:\Users\RA20159338"/>
    <property name="user.timezone" value="Australia/Sydney"/>
    <property name="java.awt.printerjob" value="sun.awt.windows.WPrinterJob"/>
    <property name="java.specification.version" value="1.8"/>
    <property name="file.encoding" value="Cp1252"/>
    <property name="user.name" value="RA20159338"/>
    <property name="java.class.path" value="/C:/Users/RA20159338/Documents/Softwares/eclipse-jee-mars-R-win32-x86_64/eclipse/plugins/org.eclipse.m2e.maven.runtime_1.6.0.20150526-2031/jars/plexus-classworlds-2.5.2.jar"/>
    <property name="java.vm.specification.version" value="1.8"/>
    <property name="sun.arch.data.model" value="64"/>
    <property name="java.home" value="C:\Users\RA20159338\Documents\Java\jdk-8u261\jre"/>
    <property name="sun.java.command" value="org.codehaus.plexus.classworlds.launcher.Launcher -B install"/>
    <property name="java.specification.vendor" value="Oracle Corporation"/>
    <property name="user.language" value="en"/>
    <property name="awt.toolkit" value="sun.awt.windows.WToolkit"/>
    <property name="java.vm.info" value="mixed mode"/>
    <property name="java.version" value="1.8.0_261"/>
    <property name="java.ext.dirs" value="C:\Users\RA20159338\Documents\Java\jdk-8u261\jre\lib\ext;C:\windows\Sun\Java\lib\ext"/>
    <property name="sun.boot.class.path" value="C:\Users\RA20159338\Documents\Java\jdk-8u261\jre\lib\resources.jar;C:\Users\RA20159338\Documents\Java\jdk-8u261\jre\lib\rt.jar;C:\Users\RA20159338\Documents\Java\jdk-8u261\jre\lib\sunrsasign.jar;C:\Users\RA20159338\Documents\Java\jdk-8u261\jre\lib\jsse.jar;C:\Users\RA20159338\Documents\Java\jdk-8u261\jre\lib\jce.jar;C:\Users\RA20159338\Documents\Java\jdk-8u261\jre\lib\charsets.jar;C:\Users\RA20159338\Documents\Java\jdk-8u261\jre\lib\jfr.jar;C:\Users\RA20159338\Documents\Java\jdk-8u261\jre\classes"/>
    <property name="java.vendor" value="Oracle Corporation"/>
    <property name="maven.home" value="C:\Users\RA20159338\Documents\Rajni\Camunda\camundademo\EMBEDDED"/>
    <property name="file.separator" value="\"/>
    <property name="java.vendor.url.bug" value="http://bugreport.sun.com/bugreport/"/>
    <property name="sun.cpu.endian" value="little"/>
    <property name="sun.io.unicode.encoding" value="UnicodeLittle"/>
    <property name="sun.desktop" value="windows"/>
    <property name="sun.cpu.isalist" value="amd64"/>
  </properties>
  <testcase classname="com.camunda.camundademo.ProcessUnitTest" name="testHappyPath" time="0.738"/>
</testsuite>